build/app/intermediates/manifest_merge_blame_file/release/manifest-merger-blame-release-report.txt
1<?xml version="1.0" encoding="utf-8"?>
2<manifest xmlns:android="http://schemas.android.com/apk/res/android"
3    package="com.mawgood.mawgood"
4    android:versionCode="17"
5    android:versionName="1.0.17" >
6
7    <uses-sdk
8        android:minSdkVersion="21"
8-->src\main\AndroidManifest.xml
9        android:targetSdkVersion="34" />
9-->src\main\AndroidManifest.xml
10
11    <uses-permission android:name="android.permission.INTERNET" />
11-->src\main\AndroidManifest.xml:3:5-67
11-->src\main\AndroidManifest.xml:3:22-64
12    <uses-permission android:name="android.permission.ACCESS_NETWORK_STATE" />
12-->src\main\AndroidManifest.xml:4:5-79
12-->src\main\AndroidManifest.xml:4:22-76
13    <uses-permission android:name="android.permission.ACCESS_FINE_LOCATION" />
13-->src\main\AndroidManifest.xml:5:5-79
13-->src\main\AndroidManifest.xml:5:22-76
14    <uses-permission android:name="android.permission.ACCESS_COARSE_LOCATION" />
14-->src\main\AndroidManifest.xml:6:5-81
14-->src\main\AndroidManifest.xml:6:22-78
15
16    <!--
17         Required to query activities that can process text, see: https://developer.android.com/training/package-visibility?hl=en and
18         https://developer.android.com/reference/android/content/Intent#ACTION_PROCESS_TEXT.
19         In particular, this is used by the Flutter engine in io.flutter.plugin.text.ProcessTextPlugin.
20    -->
21    <queries>
21-->src\main\AndroidManifest.xml:45:5-67:15
22        <intent>
22-->src\main\AndroidManifest.xml:46:9-49:18
23            <action android:name="android.intent.action.PROCESS_TEXT" />
23-->src\main\AndroidManifest.xml:47:13-72
23-->src\main\AndroidManifest.xml:47:21-70
24
25            <data android:mimeType="text/plain" />
25-->src\main\AndroidManifest.xml:48:13-50
25-->src\main\AndroidManifest.xml:48:19-48
26        </intent>
27
28        <!-- If your app checks for SMS support -->
29        <intent>
29-->src\main\AndroidManifest.xml:52:9-55:18
30            <action android:name="android.intent.action.VIEW" />
30-->src\main\AndroidManifest.xml:53:13-65
30-->src\main\AndroidManifest.xml:53:21-62
31
32            <data android:scheme="sms" />
32-->src\main\AndroidManifest.xml:48:13-50
32-->src\main\AndroidManifest.xml:54:19-39
33        </intent>
34
35        <!-- If your app checks for call support -->
36        <intent>
36-->src\main\AndroidManifest.xml:58:9-61:18
37            <action android:name="android.intent.action.VIEW" />
37-->src\main\AndroidManifest.xml:53:13-65
37-->src\main\AndroidManifest.xml:53:21-62
38
39            <data android:scheme="tel" />
39-->src\main\AndroidManifest.xml:48:13-50
39-->src\main\AndroidManifest.xml:54:19-39
40        </intent>
41
42        <!-- If your application checks for inAppBrowserView launch mode support -->
43        <intent>
43-->src\main\AndroidManifest.xml:64:9-66:18
44            <action android:name="android.support.customtabs.action.CustomTabsService" />
44-->src\main\AndroidManifest.xml:65:13-90
44-->src\main\AndroidManifest.xml:65:21-87
45        </intent>
46        <!-- Needs to be explicitly declared on Android R+ -->
47        <package android:name="com.google.android.apps.maps" />
47-->[com.google.android.gms:play-services-maps:18.2.0] AndroidManifest.xml:33:9-64
47-->[com.google.android.gms:play-services-maps:18.2.0] AndroidManifest.xml:33:18-61
48    </queries>
49
50    <uses-feature
50-->[com.google.android.gms:play-services-maps:18.2.0] AndroidManifest.xml:26:5-28:35
51        android:glEsVersion="0x00020000"
51-->[com.google.android.gms:play-services-maps:18.2.0] AndroidManifest.xml:27:9-41
52        android:required="true" />
52-->[com.google.android.gms:play-services-maps:18.2.0] AndroidManifest.xml:28:9-32
53
54    <permission
54-->[androidx.core:core:1.10.1] AndroidManifest.xml:22:5-24:47
55        android:name="com.mawgood.mawgood.DYNAMIC_RECEIVER_NOT_EXPORTED_PERMISSION"
55-->[androidx.core:core:1.10.1] AndroidManifest.xml:23:9-81
56        android:protectionLevel="signature" />
56-->[androidx.core:core:1.10.1] AndroidManifest.xml:24:9-44
57
58    <uses-permission android:name="com.mawgood.mawgood.DYNAMIC_RECEIVER_NOT_EXPORTED_PERMISSION" />
58-->[androidx.core:core:1.10.1] AndroidManifest.xml:26:5-97
58-->[androidx.core:core:1.10.1] AndroidManifest.xml:26:22-94
59
60    <application
61        android:name="android.app.Application"
61-->src\main\AndroidManifest.xml:10:9-42
62        android:appComponentFactory="androidx.core.app.CoreComponentFactory"
62-->[androidx.core:core:1.10.1] AndroidManifest.xml:28:18-86
63        android:enableOnBackInvokedCallback="true"
63-->src\main\AndroidManifest.xml:12:9-51
64        android:icon="@mipmap/ic_launcher"
64-->src\main\AndroidManifest.xml:11:9-43
65        android:label="Mawgood" > <!-- Added here -->
65-->src\main\AndroidManifest.xml:9:9-32
66
67        <activity
67-->src\main\AndroidManifest.xml:14:9-32:20
68            android:name="com.mawgood.mawgood.MainActivity"
68-->src\main\AndroidManifest.xml:14:19-47
69            android:configChanges="orientation|keyboardHidden|keyboard|screenSize|smallestScreenSize|locale|layoutDirection|fontScale|screenLayout|density|uiMode"
69-->src\main\AndroidManifest.xml:18:13-163
70            android:exported="true"
70-->src\main\AndroidManifest.xml:15:13-36
71            android:hardwareAccelerated="true"
71-->src\main\AndroidManifest.xml:19:13-47
72            android:launchMode="singleTop"
72-->src\main\AndroidManifest.xml:16:13-43
73            android:theme="@style/LaunchTheme"
73-->src\main\AndroidManifest.xml:17:13-47
74            android:windowSoftInputMode="adjustResize" >
74-->src\main\AndroidManifest.xml:20:13-55
75
76            <!--
77                 Specifies an Android theme to apply to this Activity as soon as
78                 the Android process has started. This theme is visible to the user
79                 while the Flutter UI initializes. After that, this theme continues
80                 to determine the Window background behind the Flutter UI.
81            -->
82            <meta-data
82-->src\main\AndroidManifest.xml:26:13-120
83                android:name="io.flutter.embedding.android.NormalTheme"
83-->src\main\AndroidManifest.xml:26:24-79
84                android:resource="@style/NormalTheme" />
84-->src\main\AndroidManifest.xml:26:80-117
85
86            <intent-filter>
86-->src\main\AndroidManifest.xml:28:13-31:29
87                <action android:name="android.intent.action.MAIN" />
87-->src\main\AndroidManifest.xml:29:17-68
87-->src\main\AndroidManifest.xml:29:25-66
88
89                <category android:name="android.intent.category.LAUNCHER" />
89-->src\main\AndroidManifest.xml:30:17-76
89-->src\main\AndroidManifest.xml:30:27-74
90            </intent-filter>
91        </activity>
92
93        <!--
94             Don't delete the meta-data below.
95             This is used by the Flutter tool to generate GeneratedPluginRegistrant.java
96        -->
97        <meta-data
97-->src\main\AndroidManifest.xml:36:9-72
98            android:name="flutterEmbedding"
98-->src\main\AndroidManifest.xml:36:20-51
99            android:value="2" />
99-->src\main\AndroidManifest.xml:36:52-69
100        <meta-data
100-->src\main\AndroidManifest.xml:38:9-123
101            android:name="com.google.android.geo.API_KEY"
101-->src\main\AndroidManifest.xml:38:20-65
102            android:value="AIzaSyA2obCxpDHFCwyBJe7z5EyrBTgdI1vm8RE" />
102-->src\main\AndroidManifest.xml:38:66-121
103
104        <activity
104-->[:url_launcher_android] AndroidManifest.xml:10:9-13:74
105            android:name="io.flutter.plugins.urllauncher.WebViewActivity"
105-->[:url_launcher_android] AndroidManifest.xml:11:13-74
106            android:exported="false"
106-->[:url_launcher_android] AndroidManifest.xml:12:13-37
107            android:theme="@android:style/Theme.NoTitleBar.Fullscreen" />
107-->[:url_launcher_android] AndroidManifest.xml:13:13-71
108
109        <uses-library
109-->[androidx.window:window:1.0.0-beta04] AndroidManifest.xml:25:9-27:40
110            android:name="androidx.window.extensions"
110-->[androidx.window:window:1.0.0-beta04] AndroidManifest.xml:26:13-54
111            android:required="false" />
111-->[androidx.window:window:1.0.0-beta04] AndroidManifest.xml:27:13-37
112        <uses-library
112-->[androidx.window:window:1.0.0-beta04] AndroidManifest.xml:28:9-30:40
113            android:name="androidx.window.sidecar"
113-->[androidx.window:window:1.0.0-beta04] AndroidManifest.xml:29:13-51
114            android:required="false" /> <!-- Needs to be explicitly declared on P+ -->
114-->[androidx.window:window:1.0.0-beta04] AndroidManifest.xml:30:13-37
115        <uses-library
115-->[com.google.android.gms:play-services-maps:18.2.0] AndroidManifest.xml:39:9-41:40
116            android:name="org.apache.http.legacy"
116-->[com.google.android.gms:play-services-maps:18.2.0] AndroidManifest.xml:40:13-50
117            android:required="false" />
117-->[com.google.android.gms:play-services-maps:18.2.0] AndroidManifest.xml:41:13-37
118
119        <activity
119-->[com.google.android.gms:play-services-base:18.0.1] AndroidManifest.xml:20:9-22:45
120            android:name="com.google.android.gms.common.api.GoogleApiActivity"
120-->[com.google.android.gms:play-services-base:18.0.1] AndroidManifest.xml:20:19-85
121            android:exported="false"
121-->[com.google.android.gms:play-services-base:18.0.1] AndroidManifest.xml:22:19-43
122            android:theme="@android:style/Theme.Translucent.NoTitleBar" />
122-->[com.google.android.gms:play-services-base:18.0.1] AndroidManifest.xml:21:19-78
123
124        <meta-data
124-->[com.google.android.gms:play-services-basement:18.0.0] AndroidManifest.xml:21:9-23:69
125            android:name="com.google.android.gms.version"
125-->[com.google.android.gms:play-services-basement:18.0.0] AndroidManifest.xml:22:13-58
126            android:value="@integer/google_play_services_version" />
126-->[com.google.android.gms:play-services-basement:18.0.0] AndroidManifest.xml:23:13-66
127    </application>
128
129</manifest>